Arguments: 
  C:\Users\louis\nodes\node.exe C:\Users\louis\AppData\Roaming\npm\node_modules\yarn\bin\yarn.js start

PATH: 
  C:\Users\louis\bin;C:\Program Files\Git\mingw64\bin;C:\Program Files\Git\usr\local\bin;C:\Program Files\Git\usr\bin;C:\Program Files\Git\usr\bin;C:\Program Files\Git\mingw64\bin;C:\Program Files\Git\usr\bin;C:\Users\louis\bin;C:\Program Files (x86)\Common Files\Intel\Shared Libraries\redist\intel64\mpirt;C:\Program Files (x86)\Common Files\Intel\Shared Libraries\redist\intel64\compiler;C:\Windows\system32;C:\Windows;C:\Windows\System32\Wbem;C:\Windows\System32\WindowsPowerShell\v1.0;C:\Windows\System32\OpenSSH;C:\Program Files (x86)\NVIDIA Corporation\PhysX\Common;C:\Program Files\NVIDIA Corporation\NVIDIA NvDLISR;C:\Program Files\Git\cmd;C:\Program Files\PostgreSQL\13\bin;C:\Program Files\PuTTY;C:\Program Files\MATLAB\R2021b\runtime\win64;C:\Program Files\MATLAB\R2021b\bin;C:\Program Files\dotnet;C:\Program Files\Docker\Docker\resources\bin;C:\ProgramData\DockerDesktop\version-bin;C:\Users\louis\AppData\Roaming\nvm;C:\Users\louis\nodes;C:\Users\louis\AppData\Local\Microsoft\WindowsApps;C:\Users\louis\AppData\Roaming\npm;C:\Program Files\MATLAB\R2021b\bin\win64;C:\Users\louis\AppData\Local\Programs\Microsoft VS Code\bin;C:\Users\louis\AppData\Roaming\nvm;C:\Users\louis\nodes;C:\Program Files\Git\usr\bin\vendor_perl;C:\Program Files\Git\usr\bin\core_perl

Yarn version: 
  1.22.11

Node version: 
  18.9.0

Platform: 
  win32 x64

Trace: 
  SyntaxError: C:\Users\louis\Documents\doc\2022-2023 Centrale Césure\fresh planet\minesweeper\Minesweeper\package.json: Unexpected token } in JSON at position 372
      at JSON.parse (<anonymous>)
      at C:\Users\louis\AppData\Roaming\npm\node_modules\yarn\lib\cli.js:1625:59
      at Generator.next (<anonymous>)
      at step (C:\Users\louis\AppData\Roaming\npm\node_modules\yarn\lib\cli.js:310:30)
      at C:\Users\louis\AppData\Roaming\npm\node_modules\yarn\lib\cli.js:321:13

npm manifest: 
  {
    "name": "minesweeper",
    "version": "1.0.0",
    "main": "node_modules/expo/AppEntry.js",
    "scripts": {
      "start": "expo start",
      "android": "expo start --android",
      "ios": "expo start --ios",
      "web": "expo start --web"
    },
    "dependencies": {
      "expo": "~46.0.16",
      "expo-status-bar": "~1.4.0",
      "react": "18.0.0",
      "react-native": "0.69.6",
  
    },
    "devDependencies": {
      "@babel/core": "^7.12.9"
    },
    "private": true
  }

yarn manifest: 
  No manifest

Lockfile: 
  No lockfile
